<?xml version="1.0" encoding="UTF-8"?>
<testsuite name="com.algomon.game.TestInterval" tests="1" skipped="0" failures="1" errors="0" timestamp="2024-05-20T15:24:41" hostname="lucaseiji-Inspiron-15-5510" time="0.243">
  <properties/>
  <testcase name="testGetPossibleEnemies" classname="com.algomon.game.TestInterval" time="0.243">
    <failure message="java.net.ConnectException: Connection refused" type="java.net.ConnectException">java.net.ConnectException: Connection refused
	at java.base/sun.nio.ch.Net.pollConnect(Native Method)
	at java.base/sun.nio.ch.Net.pollConnectNow(Net.java:672)
	at java.base/sun.nio.ch.SocketChannelImpl.finishConnect(SocketChannelImpl.java:946)
	at io.ktor.network.sockets.SocketImpl.connect$ktor_network(SocketImpl.kt:50)
	at io.ktor.network.sockets.SocketImpl$connect$1.invokeSuspend(SocketImpl.kt)
	at _COROUTINE._BOUNDARY._(CoroutineDebugging.kt:42)
	at io.ktor.client.engine.HttpClientEngine$DefaultImpls.executeWithinCallContext(HttpClientEngine.kt:100)
	at io.ktor.client.engine.HttpClientEngine$install$1.invokeSuspend(HttpClientEngine.kt:70)
	at io.ktor.client.plugins.HttpSend$DefaultSender.execute(HttpSend.kt:138)
	at io.ktor.client.plugins.HttpRedirect$Plugin$install$1.invokeSuspend(HttpRedirect.kt:64)
	at io.ktor.client.plugins.HttpCallValidator$Companion$install$3.invokeSuspend(HttpCallValidator.kt:151)
	at io.ktor.client.plugins.HttpSend$Plugin$install$1.invokeSuspend(HttpSend.kt:104)
	at io.ktor.client.plugins.HttpCallValidator$Companion$install$1.invokeSuspend(HttpCallValidator.kt:130)
	at io.ktor.client.plugins.HttpRequestLifecycle$Plugin$install$1.invokeSuspend(HttpRequestLifecycle.kt:38)
	at io.ktor.client.HttpClient.execute$ktor_client_core(HttpClient.kt:191)
	at io.ktor.client.statement.HttpStatement.executeUnsafe(HttpStatement.kt:108)
	at io.ktor.client.statement.HttpStatement.execute(HttpStatement.kt:47)
	at com.algomon.game.ClientKt.request(client.kt:30)
	at com.algomon.game.IntervalKt.getPossibleEnemies(interval.kt:9)
	at com.algomon.game.TestInterval$testGetPossibleEnemies$1.invokeSuspend(testsInterval.kt:14)
	at kotlinx.coroutines.test.TestBuildersKt__TestBuildersKt$runTest$2$1$1.invokeSuspend(TestBuilders.kt:316)
Caused by: java.net.ConnectException: Connection refused
	at java.base/sun.nio.ch.Net.pollConnect(Native Method)
	at java.base/sun.nio.ch.Net.pollConnectNow(Net.java:672)
	at java.base/sun.nio.ch.SocketChannelImpl.finishConnect(SocketChannelImpl.java:946)
	at io.ktor.network.sockets.SocketImpl.connect$ktor_network(SocketImpl.kt:50)
	at io.ktor.network.sockets.SocketImpl$connect$1.invokeSuspend(SocketImpl.kt)
	at kotlin.coroutines.jvm.internal.BaseContinuationImpl.resumeWith(ContinuationImpl.kt:33)
	at kotlinx.coroutines.DispatchedTask.run(DispatchedTask.kt:104)
	at kotlinx.coroutines.internal.LimitedDispatcher$Worker.run(LimitedDispatcher.kt:111)
	at kotlinx.coroutines.scheduling.TaskImpl.run(Tasks.kt:99)
	at kotlinx.coroutines.scheduling.CoroutineScheduler.runSafely(CoroutineScheduler.kt:584)
	at kotlinx.coroutines.scheduling.CoroutineScheduler$Worker.executeTask(CoroutineScheduler.kt:811)
	at kotlinx.coroutines.scheduling.CoroutineScheduler$Worker.runWorker(CoroutineScheduler.kt:715)
	at kotlinx.coroutines.scheduling.CoroutineScheduler$Worker.run(CoroutineScheduler.kt:702)
</failure>
  </testcase>
  <system-out><![CDATA[]]></system-out>
  <system-err><![CDATA[SLF4J: Failed to load class "org.slf4j.impl.StaticLoggerBinder".
SLF4J: Defaulting to no-operation (NOP) logger implementation
SLF4J: See http://www.slf4j.org/codes.html#StaticLoggerBinder for further details.
]]></system-err>
</testsuite>
